{"name": "Login Test with valid test data", "status": "failed", "statusDetails": {"message": "AssertionError: Login failed as logout button is not present", "trace": "self = <test_login.TestLogin object at 0x000001DED7CC5520>\nvalid_data = {'email': 'Randomemail@gmail.com', 'first_name': 'Test', 'last_name': 'Engineer', 'password': 'random@123', ...}\n\n    @allure.title(\"Login Test with valid test data\")\n    @pytest.mark.parametrize(\"valid_data\",VALID_DATA)\n    def test_valid_login(self, valid_data):\n        self.login_page.click_login_link()\n    \n        assert_true(\"login\" in self.driver.current_url, \"User is not on the login page\",\"Login_link\", self.login_page)\n    \n        self.login_page.enter_username(valid_data['username'])\n        self.login_page.enter_password(valid_data['password'])\n        self.login_page.click_login()\n    \n        time.sleep(3)\n>       assert_true(self.login_page.is_element_visible(self.login_page.LOG_OUT), \"Login failed as logout button is not present\",\"Login\",self.login_page)\n\ntests\\test_login.py:51: \n_ _ _ _ _ _ _ _ _ _ _ _ _ _ _ _ _ _ _ _ _ _ _ _ _ _ _ _ _ _ _ _ _ _ _ _ _ _ _ _ _ _ _ _ _ _ _ _ _ _ _ _ _ _ _ _ _ _ _ _ _ _ _ _ _ _ _ _ _ _\nutils\\assertions.py:6: in assert_true\n    raise e\n_ _ _ _ _ _ _ _ _ _ _ _ _ _ _ _ _ _ _ _ _ _ _ _ _ _ _ _ _ _ _ _ _ _ _ _ _ _ _ _ _ _ _ _ _ _ _ _ _ _ _ _ _ _ _ _ _ _ _ _ _ _ _ _ _ _ _ _ _ _\n\ncondition = False, message = 'Login failed as logout button is not present', test = 'Login'\npage = <pages.login_page.LoginPage object at 0x000001DED7D7D670>\n\n    def assert_true(condition, message, test, page):\n        try:\n>           assert condition, message\n                ^^^^^^^^^\nE           AssertionError: Login failed as logout button is not present\n\nutils\\assertions.py:3: AssertionError"}, "steps": [{"name": "Clicking element with xpath ('xpath', \"//a[normalize-space()='Log In']\")", "status": "passed", "start": 1768450741978, "stop": 1768450743816}, {"name": "Enter text using send keys for element with xpath ('xpath', \"//input[@id='customer_email']\")", "status": "passed", "start": 1768450743830, "stop": 1768450744346}, {"name": "Enter text using send keys for element with xpath ('xpath', \"//input[@id='customer_password']\")", "status": "passed", "start": 1768450744346, "stop": 1768450745564}, {"name": "Clicking element with xpath ('xpath', \"//input[@value='Sign In']\")", "status": "passed", "start": 1768450745564, "stop": 1768450745777}], "attachments": [{"name": "Login_Assertion_Error", "source": "b51fb001-de60-4e19-963e-829f6945d11f-attachment.png", "type": "image/png"}], "parameters": [{"name": "valid_data", "value": "{'username': 'Randomemail@gmail.com', 'password': 'random@123', 'search_keyword': 't-shirt', 'first_name': 'Test', 'last_name': 'Engineer', 'email': 'Randomemail@gmail.com', 'signup_password': 'random@123'}"}], "start": 1768450741978, "stop": 1768450759066, "uuid": "616706aa-ec74-4bf2-bfa5-90aba0be1eda", "historyId": "c64cf179f46c7a0345629406a82bd323", "testCaseId": "e7f254b9bfd5f2bc8d4a1ffa6dc7aebb", "fullName": "tests.test_login.TestLogin#test_valid_login", "labels": [{"name": "parentSuite", "value": "tests"}, {"name": "suite", "value": "test_login"}, {"name": "subSuite", "value": "TestLogin"}, {"name": "host", "value": "DESKTOP-3H9EBVT"}, {"name": "thread", "value": "10604-MainThread"}, {"name": "framework", "value": "pytest"}, {"name": "language", "value": "cpython3"}, {"name": "package", "value": "tests.test_login"}], "titlePath": ["tests", "test_login.py", "TestLogin"]}