{"name": "Signup Testing", "status": "failed", "statusDetails": {"message": "AssertionError: Signup failed as logout is not present on the landing page.", "trace": "self = <test_login.TestLogin object at 0x000001DED76A6570>\nvalid_data = {'email': 'testautomation066@gmail.com', 'first_name': 'Achyut', 'last_name': 'Dhakal', 'password': 'Test@1234', ...}\n\n    @allure.title(\"Signup Testing\")\n    @pytest.mark.parametrize(\"valid_data\", VALID_DATA )\n    def test_signup(self, valid_data):\n        self.login_page.click_signup_link()\n        assert_true(\"register\" in self.driver.current_url, \"User is not on the signup page\",\"Signup_Link\",self.login_page)\n    \n        self.login_page.enter_firstname_signup(valid_data[\"first_name\"])\n        self.login_page.enter_lastname_signup(valid_data[\"last_name\"])\n        self.login_page.enter_email_signup(valid_data[\"email\"])\n        self.login_page.enter_password_signup(valid_data[\"signup_password\"])\n    \n        self.login_page.click_signup_button()\n    \n        time.sleep(3)\n>       assert_true(self.login_page.is_element_visible(self.login_page.LOG_OUT), \"Signup failed as logout is not present on the landing page.\",\"Signup\", self.login_page)\n\ntests\\test_login.py:37: \n_ _ _ _ _ _ _ _ _ _ _ _ _ _ _ _ _ _ _ _ _ _ _ _ _ _ _ _ _ _ _ _ _ _ _ _ _ _ _ _ _ _ _ _ _ _ _ _ _ _ _ _ _ _ _ _ _ _ _ _ _ _ _ _ _ _ _ _ _ _\nutils\\assertions.py:6: in assert_true\n    raise e\n_ _ _ _ _ _ _ _ _ _ _ _ _ _ _ _ _ _ _ _ _ _ _ _ _ _ _ _ _ _ _ _ _ _ _ _ _ _ _ _ _ _ _ _ _ _ _ _ _ _ _ _ _ _ _ _ _ _ _ _ _ _ _ _ _ _ _ _ _ _\n\ncondition = False, message = 'Signup failed as logout is not present on the landing page.', test = 'Signup'\npage = <pages.login_page.LoginPage object at 0x000001DED7C67FB0>\n\n    def assert_true(condition, message, test, page):\n        try:\n>           assert condition, message\n                ^^^^^^^^^\nE           AssertionError: Signup failed as logout is not present on the landing page.\n\nutils\\assertions.py:3: AssertionError"}, "steps": [{"name": "Clicking element with xpath ('xpath', \"//a[normalize-space() = 'Sign up']\")", "status": "passed", "start": 1768450567495, "stop": 1768450569579}, {"name": "Enter text using send keys for element with xpath ('xpath', \"//input[@id='first_name']\")", "status": "passed", "start": 1768450569588, "stop": 1768450570070}, {"name": "Enter text using send keys for element with xpath ('xpath', \"//input[@id='last_name']\")", "status": "passed", "start": 1768450570070, "stop": 1768450570342}, {"name": "Enter text using send keys for element with xpath ('xpath', \"//input[@id='email']\")", "status": "passed", "start": 1768450570342, "stop": 1768450571884}, {"name": "Enter text using send keys for element with xpath ('xpath', \"//input[@id='password']\")", "status": "passed", "start": 1768450571884, "stop": 1768450572100}, {"name": "Clicking element with xpath ('xpath', \"//input[@value='Create']\")", "status": "passed", "start": 1768450572100, "stop": 1768450572612}], "attachments": [{"name": "Signup_Assertion_Error", "source": "9f616cae-c34e-43cb-93d4-970f7765d536-attachment.png", "type": "image/png"}], "parameters": [{"name": "valid_data", "value": "{'username': 'testautomation066@gmail.com', 'password': 'Test@1234', 'search_keyword': 'Jacket', 'first_name': 'Achyut', 'last_name': 'Dhakal', 'email': 'testautomation066@gmail.com', 'signup_password': 'Test@1234'}"}], "start": 1768450567494, "stop": 1768450588130, "uuid": "3d08f15c-5c0d-4df1-a507-c1c0d841baa5", "historyId": "b51f3a8a46591ddd19e17f5911e9fdfb", "testCaseId": "c210c83fa70da6847bdc1c68c98ea00a", "fullName": "tests.test_login.TestLogin#test_signup", "labels": [{"name": "parentSuite", "value": "tests"}, {"name": "suite", "value": "test_login"}, {"name": "subSuite", "value": "TestLogin"}, {"name": "host", "value": "DESKTOP-3H9EBVT"}, {"name": "thread", "value": "10604-MainThread"}, {"name": "framework", "value": "pytest"}, {"name": "language", "value": "cpython3"}, {"name": "package", "value": "tests.test_login"}], "titlePath": ["tests", "test_login.py", "TestLogin"]}