{"name": "Signup Testing", "status": "failed", "statusDetails": {"message": "AssertionError: Signup failed as logout is not present on the landing page.", "trace": "self = <test_login.TestSignup object at 0x000002275F216FC0>\nvalid_data = {'email': 'achyutdhakal006@gmail.com', 'first_name': 'Random', 'last_name': 'Person', 'password': 'Testtest7*', ...}\n\n    @allure.title(\"Signup Testing\")\n    @pytest.mark.parametrize(\"valid_data\", VALID_DATA )\n    def test_signup(self, valid_data):\n        self.login_page.click_signup_link()\n        assert_true(\"register\" in self.driver.current_url, \"User is not on the signup page\")\n    \n        self.login_page.enter_firstname_signup(valid_data[\"first_name\"])\n        self.login_page.enter_lastname_signup(valid_data[\"last_name\"])\n        self.login_page.enter_email_signup(valid_data[\"email\"])\n        self.login_page.enter_password_signup(valid_data[\"signup_password\"])\n    \n        self.login_page.click_signup_button()\n    \n        time.sleep(3)\n>       assert_true(self.login_page.is_element_visible(self.login_page.LOG_OUT), \"Signup failed as logout is not present on the landing page.\")\n\ntests\\test_login.py:37: \n_ _ _ _ _ _ _ _ _ _ _ _ _ _ _ _ _ _ _ _ _ _ _ _ _ _ _ _ _ _ _ _ _ _ _ _ _ _ _ _ _ _ _ _ _ _ _ _ _ _ _ _ _ _ _ _ _ _ _ _ _ _ _ _ _ _ _ _ _ _ _ _ _ _ _ _ _ _ _ _ _ _ _ _ _ _ _ _ _ _ _ \n\ncondition = False, message = 'Signup failed as logout is not present on the landing page.'\n\n    def assert_true(condition, message):\n>       assert condition, message\n               ^^^^^^^^^\nE       AssertionError: Signup failed as logout is not present on the landing page.\n\nutils\\assertions.py:2: AssertionError"}, "steps": [{"name": "Clicking element with xpath ('xpath', \"//a[normalize-space() = 'Sign up']\")", "status": "passed", "steps": [{"name": "Take Screenshot", "status": "passed", "attachments": [{"name": "Screenshot", "source": "b7ca5a5c-e5a9-40c0-aad1-26c4778d2300-attachment.png", "type": "image/png"}], "start": 1768301383354, "stop": 1768301383614}], "start": 1768301380040, "stop": 1768301383614}, {"name": "Enter text using send keys for element with xpath ('xpath', \"//input[@id='first_name']\")", "status": "passed", "start": 1768301383626, "stop": 1768301383880}, {"name": "Enter text using send keys for element with xpath ('xpath', \"//input[@id='last_name']\")", "status": "passed", "start": 1768301383881, "stop": 1768301384108}, {"name": "Enter text using send keys for element with xpath ('xpath', \"//input[@id='email']\")", "status": "passed", "start": 1768301384108, "stop": 1768301384639}, {"name": "Enter text using send keys for element with xpath ('xpath', \"//input[@id='password']\")", "status": "passed", "start": 1768301384639, "stop": 1768301384921}, {"name": "Clicking element with xpath ('xpath', \"//input[@value='Create']\")", "status": "passed", "steps": [{"name": "Take Screenshot", "status": "passed", "attachments": [{"name": "Screenshot", "source": "75dcda4f-ff0f-4795-88ba-67b7b9e5c921-attachment.png", "type": "image/png"}], "start": 1768301385134, "stop": 1768301385266}], "start": 1768301384921, "stop": 1768301385266}], "parameters": [{"name": "valid_data", "value": "{'username': 'achyutdhakal006@gmail.com', 'password': 'Testtest7*', 'search_keyword': 'grey jacket', 'first_name': 'Random', 'last_name': 'Person', 'email': 'achyutdhakal006@gmail.com', 'signup_password': 'Testtest7*'}"}], "start": 1768301380040, "stop": 1768301398939, "uuid": "22ab9b1c-fbab-46c2-9f56-aee2346e77d2", "historyId": "77dd443dfb7eec98149e6c579376fa36", "testCaseId": "8c9c8159f431c84ac5ef14c57eae0a69", "fullName": "tests.test_login.TestSignup#test_signup", "labels": [{"name": "parentSuite", "value": "tests"}, {"name": "suite", "value": "test_login"}, {"name": "subSuite", "value": "TestSignup"}, {"name": "host", "value": "DESKTOP-3H9EBVT"}, {"name": "thread", "value": "18500-MainThread"}, {"name": "framework", "value": "pytest"}, {"name": "language", "value": "cpython3"}, {"name": "package", "value": "tests.test_login"}], "titlePath": ["tests", "test_login.py", "TestSignup"]}