{"name": "Signup Testing", "status": "failed", "statusDetails": {"message": "AssertionError: Signup failed as logout is not present on the landing page.", "trace": "self = <test_login.TestLogin object at 0x000001DED7CC4F80>\nvalid_data = {'email': 'achyutdhakal006@gmail.com', 'first_name': 'Random', 'last_name': 'Person', 'password': 'Testtest7*', ...}\n\n    @allure.title(\"Signup Testing\")\n    @pytest.mark.parametrize(\"valid_data\", VALID_DATA )\n    def test_signup(self, valid_data):\n        self.login_page.click_signup_link()\n        assert_true(\"register\" in self.driver.current_url, \"User is not on the signup page\",\"Signup_Link\",self.login_page)\n    \n        self.login_page.enter_firstname_signup(valid_data[\"first_name\"])\n        self.login_page.enter_lastname_signup(valid_data[\"last_name\"])\n        self.login_page.enter_email_signup(valid_data[\"email\"])\n        self.login_page.enter_password_signup(valid_data[\"signup_password\"])\n    \n        self.login_page.click_signup_button()\n    \n        time.sleep(3)\n>       assert_true(self.login_page.is_element_visible(self.login_page.LOG_OUT), \"Signup failed as logout is not present on the landing page.\",\"Signup\", self.login_page)\n\ntests\\test_login.py:37: \n_ _ _ _ _ _ _ _ _ _ _ _ _ _ _ _ _ _ _ _ _ _ _ _ _ _ _ _ _ _ _ _ _ _ _ _ _ _ _ _ _ _ _ _ _ _ _ _ _ _ _ _ _ _ _ _ _ _ _ _ _ _ _ _ _ _ _ _ _ _\nutils\\assertions.py:6: in assert_true\n    raise e\n_ _ _ _ _ _ _ _ _ _ _ _ _ _ _ _ _ _ _ _ _ _ _ _ _ _ _ _ _ _ _ _ _ _ _ _ _ _ _ _ _ _ _ _ _ _ _ _ _ _ _ _ _ _ _ _ _ _ _ _ _ _ _ _ _ _ _ _ _ _\n\ncondition = False, message = 'Signup failed as logout is not present on the landing page.', test = 'Signup'\npage = <pages.login_page.LoginPage object at 0x000001DED7D51040>\n\n    def assert_true(condition, message, test, page):\n        try:\n>           assert condition, message\n                ^^^^^^^^^\nE           AssertionError: Signup failed as logout is not present on the landing page.\n\nutils\\assertions.py:3: AssertionError"}, "steps": [{"name": "Clicking element with xpath ('xpath', \"//a[normalize-space() = 'Sign up']\")", "status": "passed", "start": 1768450598804, "stop": 1768450600559}, {"name": "Enter text using send keys for element with xpath ('xpath', \"//input[@id='first_name']\")", "status": "passed", "start": 1768450600571, "stop": 1768450601051}, {"name": "Enter text using send keys for element with xpath ('xpath', \"//input[@id='last_name']\")", "status": "passed", "start": 1768450601052, "stop": 1768450602138}, {"name": "Enter text using send keys for element with xpath ('xpath', \"//input[@id='email']\")", "status": "passed", "start": 1768450602138, "stop": 1768450602569}, {"name": "Enter text using send keys for element with xpath ('xpath', \"//input[@id='password']\")", "status": "passed", "start": 1768450602569, "stop": 1768450602829}, {"name": "Clicking element with xpath ('xpath', \"//input[@value='Create']\")", "status": "passed", "start": 1768450602829, "stop": 1768450603077}], "attachments": [{"name": "Signup_Assertion_Error", "source": "81f255a3-0a8e-4590-a4b7-5ab6c3d665e0-attachment.png", "type": "image/png"}], "parameters": [{"name": "valid_data", "value": "{'username': 'achyutdhakal006@gmail.com', 'password': 'Testtest7*', 'search_keyword': 'grey jacket', 'first_name': 'Random', 'last_name': 'Person', 'email': 'achyutdhakal006@gmail.com', 'signup_password': 'Testtest7*'}"}], "start": 1768450598804, "stop": 1768450617012, "uuid": "5b6d01d7-afc5-4dd7-b46e-f86f9a1276e0", "historyId": "7a82bb81eaf0fe9d00419d0161ca2f83", "testCaseId": "c210c83fa70da6847bdc1c68c98ea00a", "fullName": "tests.test_login.TestLogin#test_signup", "labels": [{"name": "parentSuite", "value": "tests"}, {"name": "suite", "value": "test_login"}, {"name": "subSuite", "value": "TestLogin"}, {"name": "host", "value": "DESKTOP-3H9EBVT"}, {"name": "thread", "value": "10604-MainThread"}, {"name": "framework", "value": "pytest"}, {"name": "language", "value": "cpython3"}, {"name": "package", "value": "tests.test_login"}], "titlePath": ["tests", "test_login.py", "TestLogin"]}