{"name": "Signup Testing", "status": "failed", "statusDetails": {"message": "AssertionError: Signup failed as logout is not present on the landing page.", "trace": "self = <test_login.TestLogin object at 0x0000028777384B90>\nvalid_data = {'email': 'achyutdhakal006@gmail.com', 'first_name': 'Random', 'last_name': 'Person', 'password': 'Testtest7*', ...}\n\n    @allure.title(\"Signup Testing\")\n    @pytest.mark.parametrize(\"valid_data\", VALID_DATA )\n    def test_signup(self, valid_data):\n        with allure.step(\"Click signup link\"):\n            self.login_page.click_signup_link()\n    \n        with allure.step(\"Assert signup link\"):\n            assert_true(\"register\" in self.driver.current_url, \"User is not on the signup page\",\"Signup_Link\",self.login_page)\n    \n        with allure.step(\"Fillout signup form and click signup button\"):\n            self.login_page.enter_firstname_signup(valid_data[\"first_name\"])\n            self.login_page.enter_lastname_signup(valid_data[\"last_name\"])\n            self.login_page.enter_email_signup(valid_data[\"email\"])\n            self.login_page.enter_password_signup(valid_data[\"signup_password\"])\n            self.login_page.click_signup_button()\n    \n        with allure.step(\"Assert signup\"):\n            time.sleep(3)\n>           assert_true(self.login_page.is_element_visible(self.login_page.LOG_OUT), \"Signup failed as logout is not present on the landing page.\",\"Signup\", self.login_page)\n\ntests\\test_login.py:41: \n_ _ _ _ _ _ _ _ _ _ _ _ _ _ _ _ _ _ _ _ _ _ _ _ _ _ _ _ _ _ _ _ _ _ _ _ _ _ _ _ _ _ _ _ _ _ _ _ _ _ _ _ _ _ _ _ _ _ _ _ _ _ _ _ _ _ _ _ _ _\nutils\\assertions.py:6: in assert_true\n    raise e\n_ _ _ _ _ _ _ _ _ _ _ _ _ _ _ _ _ _ _ _ _ _ _ _ _ _ _ _ _ _ _ _ _ _ _ _ _ _ _ _ _ _ _ _ _ _ _ _ _ _ _ _ _ _ _ _ _ _ _ _ _ _ _ _ _ _ _ _ _ _\n\ncondition = False, message = 'Signup failed as logout is not present on the landing page.', test = 'Signup'\npage = <pages.login_page.LoginPage object at 0x0000028777439070>\n\n    def assert_true(condition, message, test, page):\n        try:\n>           assert condition, message\n                ^^^^^^^^^\nE           AssertionError: Signup failed as logout is not present on the landing page.\n\nutils\\assertions.py:3: AssertionError"}, "steps": [{"name": "Click signup link", "status": "passed", "start": 1768451308835, "stop": 1768451311030}, {"name": "Assert signup link", "status": "passed", "start": 1768451311030, "stop": 1768451311041}, {"name": "Fillout signup form and click signup button", "status": "passed", "start": 1768451311042, "stop": 1768451314098}, {"name": "Assert signup", "status": "failed", "statusDetails": {"message": "AssertionError: Signup failed as logout is not present on the landing page.\n", "trace": "  File \"H:\\Automation\\SauceLab\\tests\\test_login.py\", line 41, in test_signup\n    assert_true(self.login_page.is_element_visible(self.login_page.LOG_OUT), \"Signup failed as logout is not present on the landing page.\",\"Signup\", self.login_page)\n  File \"H:\\Automation\\SauceLab\\utils\\assertions.py\", line 6, in assert_true\n    raise e\n  File \"H:\\Automation\\SauceLab\\utils\\assertions.py\", line 3, in assert_true\n    assert condition, message\n        ^^^^^^^^^\n"}, "attachments": [{"name": "Signup_Assertion_Error", "source": "ef3b0ecd-c72e-44a8-b178-8eaf2742c5b0-attachment.png", "type": "image/png"}], "start": 1768451314098, "stop": 1768451327427}], "parameters": [{"name": "valid_data", "value": "{'username': 'achyutdhakal006@gmail.com', 'password': 'Testtest7*', 'search_keyword': 'grey jacket', 'first_name': 'Random', 'last_name': 'Person', 'email': 'achyutdhakal006@gmail.com', 'signup_password': 'Testtest7*'}"}], "start": 1768451308835, "stop": 1768451327429, "uuid": "b2608c07-56d2-4341-831f-d7a07a89ba5c", "historyId": "7a82bb81eaf0fe9d00419d0161ca2f83", "testCaseId": "c210c83fa70da6847bdc1c68c98ea00a", "fullName": "tests.test_login.TestLogin#test_signup", "labels": [{"name": "parentSuite", "value": "tests"}, {"name": "suite", "value": "test_login"}, {"name": "subSuite", "value": "TestLogin"}, {"name": "host", "value": "DESKTOP-3H9EBVT"}, {"name": "thread", "value": "924-MainThread"}, {"name": "framework", "value": "pytest"}, {"name": "language", "value": "cpython3"}, {"name": "package", "value": "tests.test_login"}], "titlePath": ["tests", "test_login.py", "TestLogin"]}