{"name": "Login Test with valid test data", "status": "failed", "statusDetails": {"message": "AssertionError: Login failed as logout button is not present", "trace": "self = <test_login.TestSignup object at 0x000002275F859340>\nvalid_data = {'email': 'testautomation066@gmail.com', 'first_name': 'Achyut', 'last_name': 'Dhakal', 'password': 'Test@1234', ...}\n\n    @allure.title(\"Login Test with valid test data\")\n    @pytest.mark.parametrize(\"valid_data\",VALID_DATA)\n    def test_valid_login(self, valid_data):\n        self.login_page.click_login_link()\n    \n    \n        assert_true(\"login\" in self.driver.current_url, \"User is not on the login page\")\n    \n        self.login_page.enter_username(valid_data['username'])\n        self.login_page.enter_password(valid_data['password'])\n        self.login_page.click_login()\n    \n        time.sleep(3)\n>       assert_true(self.login_page.is_element_visible(self.login_page.LOG_OUT), \"Login failed as logout button is not present\")\n\ntests\\test_login.py:52: \n_ _ _ _ _ _ _ _ _ _ _ _ _ _ _ _ _ _ _ _ _ _ _ _ _ _ _ _ _ _ _ _ _ _ _ _ _ _ _ _ _ _ _ _ _ _ _ _ _ _ _ _ _ _ _ _ _ _ _ _ _ _ _ _ _ _ _ _ _ _ _ _ _ _ _ _ _ _ _ _ _ _ _ _ _ _ _ _ _ _ _ \n\ncondition = False, message = 'Login failed as logout button is not present'\n\n    def assert_true(condition, message):\n>       assert condition, message\n               ^^^^^^^^^\nE       AssertionError: Login failed as logout button is not present\n\nutils\\assertions.py:2: AssertionError"}, "steps": [{"name": "Clicking element with xpath ('xpath', \"//a[normalize-space()='Log In']\")", "status": "passed", "steps": [{"name": "Take Screenshot", "status": "passed", "attachments": [{"name": "Screenshot", "source": "90484e73-649e-453f-a95a-d942d32a8f30-attachment.png", "type": "image/png"}], "start": 1768301438040, "stop": 1768301438190}], "start": 1768301436083, "stop": 1768301438190}, {"name": "Enter text using send keys for element with xpath ('xpath', \"//input[@id='customer_email']\")", "status": "passed", "start": 1768301438202, "stop": 1768301438571}, {"name": "Enter text using send keys for element with xpath ('xpath', \"//input[@id='customer_password']\")", "status": "passed", "start": 1768301438571, "stop": 1768301438784}, {"name": "Clicking element with xpath ('xpath', \"//input[@value='Sign In']\")", "status": "passed", "steps": [{"name": "Take Screenshot", "status": "passed", "attachments": [{"name": "Screenshot", "source": "c8f4090f-d515-49d1-934f-a99cd595a4f9-attachment.png", "type": "image/png"}], "start": 1768301438951, "stop": 1768301439202}], "start": 1768301438784, "stop": 1768301439202}], "parameters": [{"name": "valid_data", "value": "{'username': 'testautomation066@gmail.com', 'password': 'Test@1234', 'search_keyword': 'Jacket', 'first_name': 'Achyut', 'last_name': 'Dhakal', 'email': 'testautomation066@gmail.com', 'signup_password': 'Test@1234'}"}], "start": 1768301436082, "stop": 1768301452597, "uuid": "a64d6e15-22f3-410c-9bcf-2cbc39058476", "historyId": "a4dcac889d408e46f313e4f5d1aa228e", "testCaseId": "dc95bb0af86337ea652ef07216e38988", "fullName": "tests.test_login.TestSignup#test_valid_login", "labels": [{"name": "parentSuite", "value": "tests"}, {"name": "suite", "value": "test_login"}, {"name": "subSuite", "value": "TestSignup"}, {"name": "host", "value": "DESKTOP-3H9EBVT"}, {"name": "thread", "value": "18500-MainThread"}, {"name": "framework", "value": "pytest"}, {"name": "language", "value": "cpython3"}, {"name": "package", "value": "tests.test_login"}], "titlePath": ["tests", "test_login.py", "TestSignup"]}