{"name": "Testing Search", "status": "failed", "statusDetails": {"message": "AssertionError: Actual and Expected do not match. Actual:grey jacket and Expected: t-shirt", "trace": "self = <test_search.TestSearch object at 0x000001DED7C1BC80>\ndata = {'email': 'Randomemail@gmail.com', 'first_name': 'Test', 'last_name': 'Engineer', 'password': 'random@123', ...}\n\n    @allure.title(\"Testing Search\")\n    @pytest.mark.parametrize(\"data\",VALID_DATA)\n    def test_search(self, data):\n        self.search_page.search(data['search_keyword'])\n    \n        product_name = self.search_page.get_element_text(self.search_page.PRODUCT_NAME).lower()\n        time.sleep(2)\n>       assert_true(data['search_keyword'].lower() in product_name,f\"Actual and Expected do not match. Actual:{product_name} and Expected: {data['search_keyword'].lower()}\", f\"search_{data['search_keyword']}\", self.search_page)\n\ntests\\test_search.py:30: \n_ _ _ _ _ _ _ _ _ _ _ _ _ _ _ _ _ _ _ _ _ _ _ _ _ _ _ _ _ _ _ _ _ _ _ _ _ _ _ _ _ _ _ _ _ _ _ _ _ _ _ _ _ _ _ _ _ _ _ _ _ _ _ _ _ _ _ _ _ _\nutils\\assertions.py:6: in assert_true\n    raise e\n_ _ _ _ _ _ _ _ _ _ _ _ _ _ _ _ _ _ _ _ _ _ _ _ _ _ _ _ _ _ _ _ _ _ _ _ _ _ _ _ _ _ _ _ _ _ _ _ _ _ _ _ _ _ _ _ _ _ _ _ _ _ _ _ _ _ _ _ _ _\n\ncondition = False, message = 'Actual and Expected do not match. Actual:grey jacket and Expected: t-shirt', test = 'search_t-shirt'\npage = <pages.search_page.SearchPage object at 0x000001DED7D7EC30>\n\n    def assert_true(condition, message, test, page):\n        try:\n>           assert condition, message\n                ^^^^^^^^^\nE           AssertionError: Actual and Expected do not match. Actual:grey jacket and Expected: t-shirt\n\nutils\\assertions.py:3: AssertionError"}, "steps": [{"name": "Enter text using send keys for element with xpath ('xpath', \"//input[@id='search-field']\")", "status": "passed", "start": 1768450803023, "stop": 1768450803386}, {"name": "Clicking element with xpath ('xpath', \"(//img[@class='product'])[1]\")", "status": "passed", "start": 1768450803386, "stop": 1768450804637}], "attachments": [{"name": "search_t-shirt_Assertion_Error", "source": "2fa63f80-22e5-486c-9d9d-c1ce96af856a-attachment.png", "type": "image/png"}], "parameters": [{"name": "data", "value": "{'username': 'Randomemail@gmail.com', 'password': 'random@123', 'search_keyword': 't-shirt', 'first_name': 'Test', 'last_name': 'Engineer', 'email': 'Randomemail@gmail.com', 'signup_password': 'random@123'}"}], "start": 1768450803022, "stop": 1768450806842, "uuid": "83cdcf36-0652-40da-b008-fc5c85b732d4", "historyId": "f48bac499f84f3547fb9e49e8dde1e56", "testCaseId": "c278a3db6a67d0d7a1142ca15d11dfd5", "fullName": "tests.test_search.TestSearch#test_search", "labels": [{"name": "parentSuite", "value": "tests"}, {"name": "suite", "value": "test_search"}, {"name": "subSuite", "value": "TestSearch"}, {"name": "host", "value": "DESKTOP-3H9EBVT"}, {"name": "thread", "value": "10604-MainThread"}, {"name": "framework", "value": "pytest"}, {"name": "language", "value": "cpython3"}, {"name": "package", "value": "tests.test_search"}], "titlePath": ["tests", "test_search.py", "TestSearch"]}