{"name": "Signup Testing", "status": "failed", "statusDetails": {"message": "AssertionError: Signup failed as logout is not present on the landing page.", "trace": "self = <test_login.TestSignup object at 0x000001AAE143BE90>\nvalid_data = {'email': 'testautomation066@gmail.com', 'first_name': 'Achyut', 'last_name': 'Dhakal', 'password': 'Test@1234', ...}\n\n    @allure.title(\"Signup Testing\")\n    @pytest.mark.parametrize(\"valid_data\", VALID_DATA )\n    def test_signup(self, valid_data):\n        with allure.step(\"Click signup link\"):\n            self.login_page.click_signup_link()\n    \n        with allure.step(\"Signup link click assertion\"):\n            assert_true(\"register\" in self.driver.current_url, \"User is not on the signup page\")\n    \n        with allure.step(\"Fill out the signup form\"):\n            self.login_page.enter_firstname_signup(valid_data[\"first_name\"])\n            self.login_page.enter_lastname_signup(valid_data[\"last_name\"])\n            self.login_page.enter_email_signup(valid_data[\"email\"])\n            self.login_page.enter_password_signup(valid_data[\"signup_password\"])\n    \n        with allure.step(\"Click signup button\"):\n            self.login_page.click_signup_button()\n    \n        with allure.step(\"Signup Assertion\"):\n            time.sleep(3)\n>           assert_true(self.login_page.is_element_visible(self.login_page.LOG_OUT), \"Signup failed as logout is not present on the landing page.\")\n\ntests\\test_login.py:43: \n_ _ _ _ _ _ _ _ _ _ _ _ _ _ _ _ _ _ _ _ _ _ _ _ _ _ _ _ _ _ _ _ _ _ _ _ _ _ _ _ _ _ _ _ _ _ _ _ _ _ _ _ _ _ _ _ _ _\n\ncondition = False, message = 'Signup failed as logout is not present on the landing page.'\n\n    def assert_true(condition, message):\n>       assert condition, message\n               ^^^^^^^^^\nE       AssertionError: Signup failed as logout is not present on the landing page.\n\nutils\\assertions.py:2: AssertionError"}, "steps": [{"name": "Click signup link", "status": "passed", "start": 1768191207893, "stop": 1768191210801}, {"name": "Signup link click assertion", "status": "passed", "start": 1768191210802, "stop": 1768191210812}, {"name": "Fill out the signup form", "status": "passed", "start": 1768191210812, "stop": 1768191213057}, {"name": "Click signup button", "status": "passed", "start": 1768191213057, "stop": 1768191213245}, {"name": "Signup Assertion", "status": "failed", "statusDetails": {"message": "AssertionError: Signup failed as logout is not present on the landing page.\n", "trace": "  File \"H:\\Automation\\SauceLab\\tests\\test_login.py\", line 43, in test_signup\n    assert_true(self.login_page.is_element_visible(self.login_page.LOG_OUT), \"Signup failed as logout is not present on the landing page.\")\n  File \"H:\\Automation\\SauceLab\\utils\\assertions.py\", line 2, in assert_true\n    assert condition, message\n           ^^^^^^^^^\n"}, "start": 1768191213245, "stop": 1768191226654}], "parameters": [{"name": "valid_data", "value": "{'username': 'testautomation066@gmail.com', 'password': 'Test@1234', 'search_keyword': 'Jacket', 'first_name': 'Achyut', 'last_name': 'Dhakal', 'email': 'testautomation066@gmail.com', 'signup_password': 'Test@1234'}"}], "start": 1768191207893, "stop": 1768191226656, "uuid": "c6b297db-9204-4620-a35c-91226f367b13", "historyId": "8de9ff3ba89ab766d1c9bd6c08a367df", "testCaseId": "8c9c8159f431c84ac5ef14c57eae0a69", "fullName": "tests.test_login.TestSignup#test_signup", "labels": [{"name": "parentSuite", "value": "tests"}, {"name": "suite", "value": "test_login"}, {"name": "subSuite", "value": "TestSignup"}, {"name": "host", "value": "DESKTOP-3H9EBVT"}, {"name": "thread", "value": "20912-MainThread"}, {"name": "framework", "value": "pytest"}, {"name": "language", "value": "cpython3"}, {"name": "package", "value": "tests.test_login"}], "titlePath": ["tests", "test_login.py", "TestSignup"]}