{"name": "Login Test with valid test data", "status": "failed", "statusDetails": {"message": "AssertionError: Login failed as logout button is not present", "trace": "self = <test_login.TestLogin object at 0x00000287773AD4F0>\nvalid_data = {'email': 'achyutdhakal006@gmail.com', 'first_name': 'Random', 'last_name': 'Person', 'password': 'Testtest7*', ...}\n\n    @allure.title(\"Login Test with valid test data\")\n    @pytest.mark.parametrize(\"valid_data\",VALID_DATA)\n    def test_valid_login(self, valid_data):\n        with allure.step(\"Click login link\"):\n            self.login_page.click_login_link()\n    \n        with allure.step(\"Assertion of login link\"):\n            assert_true(\"login\" in self.driver.current_url, \"User is not on the login page\",\"Login_link\", self.login_page)\n    \n        with allure.step(\"Fillout login form with valid data and click login link\"):\n            self.login_page.enter_username(valid_data['username'])\n            self.login_page.enter_password(valid_data['password'])\n            self.login_page.click_login()\n    \n        with allure.step(\"Assert login\"):\n            time.sleep(3)\n>           assert_true(self.login_page.is_element_visible(self.login_page.LOG_OUT), \"Login failed as logout button is not present\",\"Login\",self.login_page)\n\ntests\\test_login.py:59: \n_ _ _ _ _ _ _ _ _ _ _ _ _ _ _ _ _ _ _ _ _ _ _ _ _ _ _ _ _ _ _ _ _ _ _ _ _ _ _ _ _ _ _ _ _ _ _ _ _ _ _ _ _ _ _ _ _ _ _ _ _ _ _ _ _ _ _ _ _ _\nutils\\assertions.py:6: in assert_true\n    raise e\n_ _ _ _ _ _ _ _ _ _ _ _ _ _ _ _ _ _ _ _ _ _ _ _ _ _ _ _ _ _ _ _ _ _ _ _ _ _ _ _ _ _ _ _ _ _ _ _ _ _ _ _ _ _ _ _ _ _ _ _ _ _ _ _ _ _ _ _ _ _\n\ncondition = False, message = 'Login failed as logout button is not present', test = 'Login'\npage = <pages.login_page.LoginPage object at 0x0000028777468680>\n\n    def assert_true(condition, message, test, page):\n        try:\n>           assert condition, message\n                ^^^^^^^^^\nE           AssertionError: Login failed as logout button is not present\n\nutils\\assertions.py:3: AssertionError"}, "steps": [{"name": "Click login link", "status": "passed", "start": 1768451414922, "stop": 1768451416807}, {"name": "Assertion of login link", "status": "passed", "start": 1768451416807, "stop": 1768451416869}, {"name": "Fillout login form with valid data and click login link", "status": "passed", "start": 1768451416869, "stop": 1768451417905}, {"name": "Assert login", "status": "failed", "statusDetails": {"message": "AssertionError: Login failed as logout button is not present\n", "trace": "  File \"H:\\Automation\\SauceLab\\tests\\test_login.py\", line 59, in test_valid_login\n    assert_true(self.login_page.is_element_visible(self.login_page.LOG_OUT), \"Login failed as logout button is not present\",\"Login\",self.login_page)\n  File \"H:\\Automation\\SauceLab\\utils\\assertions.py\", line 6, in assert_true\n    raise e\n  File \"H:\\Automation\\SauceLab\\utils\\assertions.py\", line 3, in assert_true\n    assert condition, message\n        ^^^^^^^^^\n"}, "attachments": [{"name": "Login_Assertion_Error", "source": "2edcdb59-2143-4f65-a5de-b192a9b228e3-attachment.png", "type": "image/png"}], "start": 1768451417905, "stop": 1768451431271}], "parameters": [{"name": "valid_data", "value": "{'username': 'achyutdhakal006@gmail.com', 'password': 'Testtest7*', 'search_keyword': 'grey jacket', 'first_name': 'Random', 'last_name': 'Person', 'email': 'achyutdhakal006@gmail.com', 'signup_password': 'Testtest7*'}"}], "start": 1768451414921, "stop": 1768451431272, "uuid": "78a87353-9577-4aba-9c5a-b71dc2501f1d", "historyId": "89112d0d34df1ce3425c631231fe1981", "testCaseId": "e7f254b9bfd5f2bc8d4a1ffa6dc7aebb", "fullName": "tests.test_login.TestLogin#test_valid_login", "labels": [{"name": "parentSuite", "value": "tests"}, {"name": "suite", "value": "test_login"}, {"name": "subSuite", "value": "TestLogin"}, {"name": "host", "value": "DESKTOP-3H9EBVT"}, {"name": "thread", "value": "924-MainThread"}, {"name": "framework", "value": "pytest"}, {"name": "language", "value": "cpython3"}, {"name": "package", "value": "tests.test_login"}], "titlePath": ["tests", "test_login.py", "TestLogin"]}