{"name": "Login Test with valid test data", "status": "failed", "statusDetails": {"message": "AssertionError: Login failed as logout button is not present", "trace": "self = <test_login.TestLogin object at 0x000001DED7CC5370>\nvalid_data = {'email': 'testautomation066@gmail.com', 'first_name': 'Achyut', 'last_name': 'Dhakal', 'password': 'Test@1234', ...}\n\n    @allure.title(\"Login Test with valid test data\")\n    @pytest.mark.parametrize(\"valid_data\",VALID_DATA)\n    def test_valid_login(self, valid_data):\n        self.login_page.click_login_link()\n    \n        assert_true(\"login\" in self.driver.current_url, \"User is not on the login page\",\"Login_link\", self.login_page)\n    \n        self.login_page.enter_username(valid_data['username'])\n        self.login_page.enter_password(valid_data['password'])\n        self.login_page.click_login()\n    \n        time.sleep(3)\n>       assert_true(self.login_page.is_element_visible(self.login_page.LOG_OUT), \"Login failed as logout button is not present\",\"Login\",self.login_page)\n\ntests\\test_login.py:51: \n_ _ _ _ _ _ _ _ _ _ _ _ _ _ _ _ _ _ _ _ _ _ _ _ _ _ _ _ _ _ _ _ _ _ _ _ _ _ _ _ _ _ _ _ _ _ _ _ _ _ _ _ _ _ _ _ _ _ _ _ _ _ _ _ _ _ _ _ _ _\nutils\\assertions.py:6: in assert_true\n    raise e\n_ _ _ _ _ _ _ _ _ _ _ _ _ _ _ _ _ _ _ _ _ _ _ _ _ _ _ _ _ _ _ _ _ _ _ _ _ _ _ _ _ _ _ _ _ _ _ _ _ _ _ _ _ _ _ _ _ _ _ _ _ _ _ _ _ _ _ _ _ _\n\ncondition = False, message = 'Login failed as logout button is not present', test = 'Login'\npage = <pages.login_page.LoginPage object at 0x000001DED7D534A0>\n\n    def assert_true(condition, message, test, page):\n        try:\n>           assert condition, message\n                ^^^^^^^^^\nE           AssertionError: Login failed as logout button is not present\n\nutils\\assertions.py:3: AssertionError"}, "steps": [{"name": "Clicking element with xpath ('xpath', \"//a[normalize-space()='Log In']\")", "status": "passed", "start": 1768450661592, "stop": 1768450663897}, {"name": "Enter text using send keys for element with xpath ('xpath', \"//input[@id='customer_email']\")", "status": "passed", "start": 1768450663905, "stop": 1768450664336}, {"name": "Enter text using send keys for element with xpath ('xpath', \"//input[@id='customer_password']\")", "status": "passed", "start": 1768450664336, "stop": 1768450664852}, {"name": "Clicking element with xpath ('xpath', \"//input[@value='Sign In']\")", "status": "passed", "start": 1768450664852, "stop": 1768450665077}], "attachments": [{"name": "Login_Assertion_Error", "source": "562ed156-e901-4730-987d-130f8aaf0a36-attachment.png", "type": "image/png"}], "parameters": [{"name": "valid_data", "value": "{'username': 'testautomation066@gmail.com', 'password': 'Test@1234', 'search_keyword': 'Jacket', 'first_name': 'Achyut', 'last_name': 'Dhakal', 'email': 'testautomation066@gmail.com', 'signup_password': 'Test@1234'}"}], "start": 1768450661592, "stop": 1768450678799, "uuid": "59b06e14-36ab-44f9-a2dc-0d7081a93a1a", "historyId": "93292843fc6badcf73e018d17649b01f", "testCaseId": "e7f254b9bfd5f2bc8d4a1ffa6dc7aebb", "fullName": "tests.test_login.TestLogin#test_valid_login", "labels": [{"name": "parentSuite", "value": "tests"}, {"name": "suite", "value": "test_login"}, {"name": "subSuite", "value": "TestLogin"}, {"name": "host", "value": "DESKTOP-3H9EBVT"}, {"name": "thread", "value": "10604-MainThread"}, {"name": "framework", "value": "pytest"}, {"name": "language", "value": "cpython3"}, {"name": "package", "value": "tests.test_login"}], "titlePath": ["tests", "test_login.py", "TestLogin"]}