{"name": "Signup Testing", "status": "failed", "statusDetails": {"message": "AssertionError: Signup failed as logout is not present on the landing page.", "trace": "self = <test_login.TestSignup object at 0x000002275F60C8C0>\nvalid_data = {'email': 'testautomation066@gmail.com', 'first_name': 'Achyut', 'last_name': 'Dhakal', 'password': 'Test@1234', ...}\n\n    @allure.title(\"Signup Testing\")\n    @pytest.mark.parametrize(\"valid_data\", VALID_DATA )\n    def test_signup(self, valid_data):\n        self.login_page.click_signup_link()\n        assert_true(\"register\" in self.driver.current_url, \"User is not on the signup page\")\n    \n        self.login_page.enter_firstname_signup(valid_data[\"first_name\"])\n        self.login_page.enter_lastname_signup(valid_data[\"last_name\"])\n        self.login_page.enter_email_signup(valid_data[\"email\"])\n        self.login_page.enter_password_signup(valid_data[\"signup_password\"])\n    \n        self.login_page.click_signup_button()\n    \n        time.sleep(3)\n>       assert_true(self.login_page.is_element_visible(self.login_page.LOG_OUT), \"Signup failed as logout is not present on the landing page.\")\n\ntests\\test_login.py:37: \n_ _ _ _ _ _ _ _ _ _ _ _ _ _ _ _ _ _ _ _ _ _ _ _ _ _ _ _ _ _ _ _ _ _ _ _ _ _ _ _ _ _ _ _ _ _ _ _ _ _ _ _ _ _ _ _ _ _ _ _ _ _ _ _ _ _ _ _ _ _ _ _ _ _ _ _ _ _ _ _ _ _ _ _ _ _ _ _ _ _ _ \n\ncondition = False, message = 'Signup failed as logout is not present on the landing page.'\n\n    def assert_true(condition, message):\n>       assert condition, message\n               ^^^^^^^^^\nE       AssertionError: Signup failed as logout is not present on the landing page.\n\nutils\\assertions.py:2: AssertionError"}, "steps": [{"name": "Clicking element with xpath ('xpath', \"//a[normalize-space() = 'Sign up']\")", "status": "passed", "steps": [{"name": "Take Screenshot", "status": "passed", "attachments": [{"name": "Screenshot", "source": "6881b90d-6baf-4ef4-a686-c7022fffebfc-attachment.png", "type": "image/png"}], "start": 1768301353583, "stop": 1768301353962}], "start": 1768301351986, "stop": 1768301353962}, {"name": "Enter text using send keys for element with xpath ('xpath', \"//input[@id='first_name']\")", "status": "passed", "start": 1768301353991, "stop": 1768301354369}, {"name": "Enter text using send keys for element with xpath ('xpath', \"//input[@id='last_name']\")", "status": "passed", "start": 1768301354369, "stop": 1768301354535}, {"name": "Enter text using send keys for element with xpath ('xpath', \"//input[@id='email']\")", "status": "passed", "start": 1768301354535, "stop": 1768301354899}, {"name": "Enter text using send keys for element with xpath ('xpath', \"//input[@id='password']\")", "status": "passed", "start": 1768301354899, "stop": 1768301356126}, {"name": "Clicking element with xpath ('xpath', \"//input[@value='Create']\")", "status": "passed", "steps": [{"name": "Take Screenshot", "status": "passed", "attachments": [{"name": "Screenshot", "source": "e9b3d0ac-b6b2-475f-9825-c2258bedb48e-attachment.png", "type": "image/png"}], "start": 1768301356433, "stop": 1768301356654}], "start": 1768301356126, "stop": 1768301356654}], "parameters": [{"name": "valid_data", "value": "{'username': 'testautomation066@gmail.com', 'password': 'Test@1234', 'search_keyword': 'Jacket', 'first_name': 'Achyut', 'last_name': 'Dhakal', 'email': 'testautomation066@gmail.com', 'signup_password': 'Test@1234'}"}], "start": 1768301351985, "stop": 1768301370166, "uuid": "60f3aff1-77e2-4cb8-b8cf-75d4b301918f", "historyId": "8de9ff3ba89ab766d1c9bd6c08a367df", "testCaseId": "8c9c8159f431c84ac5ef14c57eae0a69", "fullName": "tests.test_login.TestSignup#test_signup", "labels": [{"name": "parentSuite", "value": "tests"}, {"name": "suite", "value": "test_login"}, {"name": "subSuite", "value": "TestSignup"}, {"name": "host", "value": "DESKTOP-3H9EBVT"}, {"name": "thread", "value": "18500-MainThread"}, {"name": "framework", "value": "pytest"}, {"name": "language", "value": "cpython3"}, {"name": "package", "value": "tests.test_login"}], "titlePath": ["tests", "test_login.py", "TestSignup"]}