{"name": "Login Test with valid test data", "status": "failed", "statusDetails": {"message": "AssertionError: Login failed as logout button is not present", "trace": "self = <test_login.TestSignup object at 0x00000191C894D2E0>\nvalid_data = {'email': 'testautomation066@gmail.com', 'first_name': 'Achyut', 'last_name': 'Dhakal', 'password': 'Test@1234', ...}\n\n    @allure.title(\"Login Test with valid test data\")\n    @pytest.mark.parametrize(\"valid_data\",VALID_DATA)\n    def test_valid_login(self, valid_data):\n        with allure.step(\"Click login link\"):\n            self.login_page.click_login_link()\n    \n        with allure.step(\"Login link click assertion\"):\n             assert_true(\"login\" in self.driver.current_url, \"User is not on the login page\")\n    \n        with allure.step(\"Fill out login form and click login button\"):\n            self.login_page.enter_username(valid_data['username'])\n            self.login_page.enter_password(valid_data['password'])\n            self.login_page.click_login()\n    \n        with allure.step(\"Login Assertion\"):\n            time.sleep(3)\n>           assert_true(self.login_page.is_element_visible(self.login_page.LOG_OUT), \"Login failed as logout button is not present\")\n\ntests\\test_login.py:61: \n_ _ _ _ _ _ _ _ _ _ _ _ _ _ _ _ _ _ _ _ _ _ _ _ _ _ _ _ _ _ _ _ _ _ _ _ _ _ _ _ _ _ _ _ _ _ _ _ _ _ _ _ _ _ _ _ _ _\n\ncondition = False, message = 'Login failed as logout button is not present'\n\n    def assert_true(condition, message):\n>       assert condition, message\n               ^^^^^^^^^\nE       AssertionError: Login failed as logout button is not present\n\nutils\\assertions.py:2: AssertionError"}, "steps": [{"name": "Click login link", "status": "passed", "start": 1768192318621, "stop": 1768192321045}, {"name": "Login link click assertion", "status": "passed", "start": 1768192321046, "stop": 1768192321056}, {"name": "Fill out login form and click login button", "status": "passed", "start": 1768192321056, "stop": 1768192321986}, {"name": "Login Assertion", "status": "failed", "statusDetails": {"message": "AssertionError: Login failed as logout button is not present\n", "trace": "  File \"H:\\Automation\\SauceLab\\tests\\test_login.py\", line 61, in test_valid_login\n    assert_true(self.login_page.is_element_visible(self.login_page.LOG_OUT), \"Login failed as logout button is not present\")\n  File \"H:\\Automation\\SauceLab\\utils\\assertions.py\", line 2, in assert_true\n    assert condition, message\n           ^^^^^^^^^\n"}, "start": 1768192321986, "stop": 1768192335151}], "parameters": [{"name": "valid_data", "value": "{'username': 'testautomation066@gmail.com', 'password': 'Test@1234', 'search_keyword': 'Jacket', 'first_name': 'Achyut', 'last_name': 'Dhakal', 'email': 'testautomation066@gmail.com', 'signup_password': 'Test@1234'}"}], "start": 1768192318620, "stop": 1768192335153, "uuid": "5a0bbf24-3896-4e47-aa12-ed4eb0b2e3d7", "historyId": "a4dcac889d408e46f313e4f5d1aa228e", "testCaseId": "dc95bb0af86337ea652ef07216e38988", "fullName": "tests.test_login.TestSignup#test_valid_login", "labels": [{"name": "parentSuite", "value": "tests"}, {"name": "suite", "value": "test_login"}, {"name": "subSuite", "value": "TestSignup"}, {"name": "host", "value": "DESKTOP-3H9EBVT"}, {"name": "thread", "value": "23124-MainThread"}, {"name": "framework", "value": "pytest"}, {"name": "language", "value": "cpython3"}, {"name": "package", "value": "tests.test_login"}], "titlePath": ["tests", "test_login.py", "TestSignup"]}