{"name": "Login Test with valid test data", "status": "failed", "statusDetails": {"message": "AssertionError: Login failed as logout button is not present", "trace": "self = <test_login.TestLogin object at 0x00000287773AD460>\nvalid_data = {'email': 'testautomation066@gmail.com', 'first_name': 'Achyut', 'last_name': 'Dhakal', 'password': 'Test@1234', ...}\n\n    @allure.title(\"Login Test with valid test data\")\n    @pytest.mark.parametrize(\"valid_data\",VALID_DATA)\n    def test_valid_login(self, valid_data):\n        with allure.step(\"Click login link\"):\n            self.login_page.click_login_link()\n    \n        with allure.step(\"Assertion of login link\"):\n            assert_true(\"login\" in self.driver.current_url, \"User is not on the login page\",\"Login_link\", self.login_page)\n    \n        with allure.step(\"Fillout login form with valid data and click login link\"):\n            self.login_page.enter_username(valid_data['username'])\n            self.login_page.enter_password(valid_data['password'])\n            self.login_page.click_login()\n    \n        with allure.step(\"Assert login\"):\n            time.sleep(3)\n>           assert_true(self.login_page.is_element_visible(self.login_page.LOG_OUT), \"Login failed as logout button is not present\",\"Login\",self.login_page)\n\ntests\\test_login.py:59: \n_ _ _ _ _ _ _ _ _ _ _ _ _ _ _ _ _ _ _ _ _ _ _ _ _ _ _ _ _ _ _ _ _ _ _ _ _ _ _ _ _ _ _ _ _ _ _ _ _ _ _ _ _ _ _ _ _ _ _ _ _ _ _ _ _ _ _ _ _ _\nutils\\assertions.py:6: in assert_true\n    raise e\n_ _ _ _ _ _ _ _ _ _ _ _ _ _ _ _ _ _ _ _ _ _ _ _ _ _ _ _ _ _ _ _ _ _ _ _ _ _ _ _ _ _ _ _ _ _ _ _ _ _ _ _ _ _ _ _ _ _ _ _ _ _ _ _ _ _ _ _ _ _\n\ncondition = False, message = 'Login failed as logout button is not present', test = 'Login'\npage = <pages.login_page.LoginPage object at 0x000002877743B470>\n\n    def assert_true(condition, message, test, page):\n        try:\n>           assert condition, message\n                ^^^^^^^^^\nE           AssertionError: Login failed as logout button is not present\n\nutils\\assertions.py:3: AssertionError"}, "steps": [{"name": "Click login link", "status": "passed", "start": 1768451379865, "stop": 1768451384932}, {"name": "Assertion of login link", "status": "passed", "start": 1768451384932, "stop": 1768451384947}, {"name": "Fillout login form with valid data and click login link", "status": "passed", "start": 1768451384947, "stop": 1768451389173}, {"name": "Assert login", "status": "failed", "statusDetails": {"message": "AssertionError: Login failed as logout button is not present\n", "trace": "  File \"H:\\Automation\\SauceLab\\tests\\test_login.py\", line 59, in test_valid_login\n    assert_true(self.login_page.is_element_visible(self.login_page.LOG_OUT), \"Login failed as logout button is not present\",\"Login\",self.login_page)\n  File \"H:\\Automation\\SauceLab\\utils\\assertions.py\", line 6, in assert_true\n    raise e\n  File \"H:\\Automation\\SauceLab\\utils\\assertions.py\", line 3, in assert_true\n    assert condition, message\n        ^^^^^^^^^\n"}, "attachments": [{"name": "Login_Assertion_Error", "source": "1a38ada1-a71a-4abc-b1b3-04b63f58a2fa-attachment.png", "type": "image/png"}], "start": 1768451389173, "stop": 1768451402816}], "parameters": [{"name": "valid_data", "value": "{'username': 'testautomation066@gmail.com', 'password': 'Test@1234', 'search_keyword': 'Jacket', 'first_name': 'Achyut', 'last_name': 'Dhakal', 'email': 'testautomation066@gmail.com', 'signup_password': 'Test@1234'}"}], "start": 1768451379865, "stop": 1768451402817, "uuid": "ac775ec0-4661-4fb9-a749-40b4b042c90d", "historyId": "93292843fc6badcf73e018d17649b01f", "testCaseId": "e7f254b9bfd5f2bc8d4a1ffa6dc7aebb", "fullName": "tests.test_login.TestLogin#test_valid_login", "labels": [{"name": "parentSuite", "value": "tests"}, {"name": "suite", "value": "test_login"}, {"name": "subSuite", "value": "TestLogin"}, {"name": "host", "value": "DESKTOP-3H9EBVT"}, {"name": "thread", "value": "924-MainThread"}, {"name": "framework", "value": "pytest"}, {"name": "language", "value": "cpython3"}, {"name": "package", "value": "tests.test_login"}], "titlePath": ["tests", "test_login.py", "TestLogin"]}