{"name": "Signup Testing", "status": "failed", "statusDetails": {"message": "AssertionError: Signup failed as logout is not present on the landing page.", "trace": "self = <test_login.TestLogin object at 0x00000287772FBFE0>\nvalid_data = {'email': 'testautomation066@gmail.com', 'first_name': 'Achyut', 'last_name': 'Dhakal', 'password': 'Test@1234', ...}\n\n    @allure.title(\"Signup Testing\")\n    @pytest.mark.parametrize(\"valid_data\", VALID_DATA )\n    def test_signup(self, valid_data):\n        with allure.step(\"Click signup link\"):\n            self.login_page.click_signup_link()\n    \n        with allure.step(\"Assert signup link\"):\n            assert_true(\"register\" in self.driver.current_url, \"User is not on the signup page\",\"Signup_Link\",self.login_page)\n    \n        with allure.step(\"Fillout signup form and click signup button\"):\n            self.login_page.enter_firstname_signup(valid_data[\"first_name\"])\n            self.login_page.enter_lastname_signup(valid_data[\"last_name\"])\n            self.login_page.enter_email_signup(valid_data[\"email\"])\n            self.login_page.enter_password_signup(valid_data[\"signup_password\"])\n            self.login_page.click_signup_button()\n    \n        with allure.step(\"Assert signup\"):\n            time.sleep(3)\n>           assert_true(self.login_page.is_element_visible(self.login_page.LOG_OUT), \"Signup failed as logout is not present on the landing page.\",\"Signup\", self.login_page)\n\ntests\\test_login.py:41: \n_ _ _ _ _ _ _ _ _ _ _ _ _ _ _ _ _ _ _ _ _ _ _ _ _ _ _ _ _ _ _ _ _ _ _ _ _ _ _ _ _ _ _ _ _ _ _ _ _ _ _ _ _ _ _ _ _ _ _ _ _ _ _ _ _ _ _ _ _ _\nutils\\assertions.py:6: in assert_true\n    raise e\n_ _ _ _ _ _ _ _ _ _ _ _ _ _ _ _ _ _ _ _ _ _ _ _ _ _ _ _ _ _ _ _ _ _ _ _ _ _ _ _ _ _ _ _ _ _ _ _ _ _ _ _ _ _ _ _ _ _ _ _ _ _ _ _ _ _ _ _ _ _\n\ncondition = False, message = 'Signup failed as logout is not present on the landing page.', test = 'Signup'\npage = <pages.login_page.LoginPage object at 0x00000287772FA180>\n\n    def assert_true(condition, message, test, page):\n        try:\n>           assert condition, message\n                ^^^^^^^^^\nE           AssertionError: Signup failed as logout is not present on the landing page.\n\nutils\\assertions.py:3: AssertionError"}, "steps": [{"name": "Click signup link", "status": "passed", "start": 1768451278797, "stop": 1768451280817}, {"name": "Assert signup link", "status": "passed", "start": 1768451280817, "stop": 1768451280829}, {"name": "Fillout signup form and click signup button", "status": "passed", "start": 1768451280829, "stop": 1768451283375}, {"name": "Assert signup", "status": "failed", "statusDetails": {"message": "AssertionError: Signup failed as logout is not present on the landing page.\n", "trace": "  File \"H:\\Automation\\SauceLab\\tests\\test_login.py\", line 41, in test_signup\n    assert_true(self.login_page.is_element_visible(self.login_page.LOG_OUT), \"Signup failed as logout is not present on the landing page.\",\"Signup\", self.login_page)\n  File \"H:\\Automation\\SauceLab\\utils\\assertions.py\", line 6, in assert_true\n    raise e\n  File \"H:\\Automation\\SauceLab\\utils\\assertions.py\", line 3, in assert_true\n    assert condition, message\n        ^^^^^^^^^\n"}, "attachments": [{"name": "Signup_Assertion_Error", "source": "bf056d73-fa78-4960-b5f9-6372bc21834a-attachment.png", "type": "image/png"}], "start": 1768451283375, "stop": 1768451296625}], "parameters": [{"name": "valid_data", "value": "{'username': 'testautomation066@gmail.com', 'password': 'Test@1234', 'search_keyword': 'Jacket', 'first_name': 'Achyut', 'last_name': 'Dhakal', 'email': 'testautomation066@gmail.com', 'signup_password': 'Test@1234'}"}], "start": 1768451278797, "stop": 1768451296627, "uuid": "da44beec-084f-42b0-a467-7cc78bb08715", "historyId": "b51f3a8a46591ddd19e17f5911e9fdfb", "testCaseId": "c210c83fa70da6847bdc1c68c98ea00a", "fullName": "tests.test_login.TestLogin#test_signup", "labels": [{"name": "parentSuite", "value": "tests"}, {"name": "suite", "value": "test_login"}, {"name": "subSuite", "value": "TestLogin"}, {"name": "host", "value": "DESKTOP-3H9EBVT"}, {"name": "thread", "value": "924-MainThread"}, {"name": "framework", "value": "pytest"}, {"name": "language", "value": "cpython3"}, {"name": "package", "value": "tests.test_login"}], "titlePath": ["tests", "test_login.py", "TestLogin"]}