{"name": "Login Test with valid test data", "status": "failed", "statusDetails": {"message": "AssertionError: Login failed as logout button is not present", "trace": "self = <test_login.TestSignup object at 0x000002275F8593D0>\nvalid_data = {'email': 'achyutdhakal006@gmail.com', 'first_name': 'Random', 'last_name': 'Person', 'password': 'Testtest7*', ...}\n\n    @allure.title(\"Login Test with valid test data\")\n    @pytest.mark.parametrize(\"valid_data\",VALID_DATA)\n    def test_valid_login(self, valid_data):\n        self.login_page.click_login_link()\n    \n    \n        assert_true(\"login\" in self.driver.current_url, \"User is not on the login page\")\n    \n        self.login_page.enter_username(valid_data['username'])\n        self.login_page.enter_password(valid_data['password'])\n        self.login_page.click_login()\n    \n        time.sleep(3)\n>       assert_true(self.login_page.is_element_visible(self.login_page.LOG_OUT), \"Login failed as logout button is not present\")\n\ntests\\test_login.py:52: \n_ _ _ _ _ _ _ _ _ _ _ _ _ _ _ _ _ _ _ _ _ _ _ _ _ _ _ _ _ _ _ _ _ _ _ _ _ _ _ _ _ _ _ _ _ _ _ _ _ _ _ _ _ _ _ _ _ _ _ _ _ _ _ _ _ _ _ _ _ _ _ _ _ _ _ _ _ _ _ _ _ _ _ _ _ _ _ _ _ _ _ \n\ncondition = False, message = 'Login failed as logout button is not present'\n\n    def assert_true(condition, message):\n>       assert condition, message\n               ^^^^^^^^^\nE       AssertionError: Login failed as logout button is not present\n\nutils\\assertions.py:2: AssertionError"}, "steps": [{"name": "Clicking element with xpath ('xpath', \"//a[normalize-space()='Log In']\")", "status": "passed", "steps": [{"name": "Take Screenshot", "status": "passed", "attachments": [{"name": "Screenshot", "source": "4354afe0-2cd4-4d66-870d-5ca60f6f3daa-attachment.png", "type": "image/png"}], "start": 1768301466733, "stop": 1768301466968}], "start": 1768301464317, "stop": 1768301466968}, {"name": "Enter text using send keys for element with xpath ('xpath', \"//input[@id='customer_email']\")", "status": "passed", "start": 1768301466983, "stop": 1768301467306}, {"name": "Enter text using send keys for element with xpath ('xpath', \"//input[@id='customer_password']\")", "status": "passed", "start": 1768301467306, "stop": 1768301467612}, {"name": "Clicking element with xpath ('xpath', \"//input[@value='Sign In']\")", "status": "passed", "steps": [{"name": "Take Screenshot", "status": "passed", "attachments": [{"name": "Screenshot", "source": "bf4f5e04-403b-4cf3-a481-029f646d0f77-attachment.png", "type": "image/png"}], "start": 1768301468060, "stop": 1768301468201}], "start": 1768301467612, "stop": 1768301468201}], "parameters": [{"name": "valid_data", "value": "{'username': 'achyutdhakal006@gmail.com', 'password': 'Testtest7*', 'search_keyword': 'grey jacket', 'first_name': 'Random', 'last_name': 'Person', 'email': 'achyutdhakal006@gmail.com', 'signup_password': 'Testtest7*'}"}], "start": 1768301464317, "stop": 1768301481735, "uuid": "ba9ea31a-50b4-4644-9b4b-b40859bcec31", "historyId": "cd7803aea43d0913ae01bd2e15b5734f", "testCaseId": "dc95bb0af86337ea652ef07216e38988", "fullName": "tests.test_login.TestSignup#test_valid_login", "labels": [{"name": "parentSuite", "value": "tests"}, {"name": "suite", "value": "test_login"}, {"name": "subSuite", "value": "TestSignup"}, {"name": "host", "value": "DESKTOP-3H9EBVT"}, {"name": "thread", "value": "18500-MainThread"}, {"name": "framework", "value": "pytest"}, {"name": "language", "value": "cpython3"}, {"name": "package", "value": "tests.test_login"}], "titlePath": ["tests", "test_login.py", "TestSignup"]}