{"name": "Login Test with valid test data", "status": "failed", "statusDetails": {"message": "AssertionError: Login failed as logout button is not present", "trace": "self = <test_login.TestSignup object at 0x000002275F8594F0>\nvalid_data = {'email': 'Randomemail@gmail.com', 'first_name': 'Test', 'last_name': 'Engineer', 'password': 'random@123', ...}\n\n    @allure.title(\"Login Test with valid test data\")\n    @pytest.mark.parametrize(\"valid_data\",VALID_DATA)\n    def test_valid_login(self, valid_data):\n        self.login_page.click_login_link()\n    \n    \n        assert_true(\"login\" in self.driver.current_url, \"User is not on the login page\")\n    \n        self.login_page.enter_username(valid_data['username'])\n        self.login_page.enter_password(valid_data['password'])\n        self.login_page.click_login()\n    \n        time.sleep(3)\n>       assert_true(self.login_page.is_element_visible(self.login_page.LOG_OUT), \"Login failed as logout button is not present\")\n\ntests\\test_login.py:52: \n_ _ _ _ _ _ _ _ _ _ _ _ _ _ _ _ _ _ _ _ _ _ _ _ _ _ _ _ _ _ _ _ _ _ _ _ _ _ _ _ _ _ _ _ _ _ _ _ _ _ _ _ _ _ _ _ _ _ _ _ _ _ _ _ _ _ _ _ _ _ _ _ _ _ _ _ _ _ _ _ _ _ _ _ _ _ _ _ _ _ _ \n\ncondition = False, message = 'Login failed as logout button is not present'\n\n    def assert_true(condition, message):\n>       assert condition, message\n               ^^^^^^^^^\nE       AssertionError: Login failed as logout button is not present\n\nutils\\assertions.py:2: AssertionError"}, "steps": [{"name": "Clicking element with xpath ('xpath', \"//a[normalize-space()='Log In']\")", "status": "passed", "steps": [{"name": "Take Screenshot", "status": "passed", "attachments": [{"name": "Screenshot", "source": "901d3235-fc98-4419-84f0-5d73afe87053-attachment.png", "type": "image/png"}], "start": 1768301494159, "stop": 1768301494380}], "start": 1768301490129, "stop": 1768301494380}, {"name": "Enter text using send keys for element with xpath ('xpath', \"//input[@id='customer_email']\")", "status": "passed", "start": 1768301494389, "stop": 1768301494750}, {"name": "Enter text using send keys for element with xpath ('xpath', \"//input[@id='customer_password']\")", "status": "passed", "start": 1768301494750, "stop": 1768301494949}, {"name": "Clicking element with xpath ('xpath', \"//input[@value='Sign In']\")", "status": "passed", "steps": [{"name": "Take Screenshot", "status": "passed", "attachments": [{"name": "Screenshot", "source": "093f2c42-f8f4-4552-bb08-370688f2b17a-attachment.png", "type": "image/png"}], "start": 1768301495856, "stop": 1768301495991}], "start": 1768301494949, "stop": 1768301495991}], "parameters": [{"name": "valid_data", "value": "{'username': 'Randomemail@gmail.com', 'password': 'random@123', 'search_keyword': 't-shirt', 'first_name': 'Test', 'last_name': 'Engineer', 'email': 'Randomemail@gmail.com', 'signup_password': 'random@123'}"}], "start": 1768301490128, "stop": 1768301509446, "uuid": "8fa8d1e0-896f-4091-9e88-4a936d854aab", "historyId": "09b740938fa8d2e383bb6a45e08ed353", "testCaseId": "dc95bb0af86337ea652ef07216e38988", "fullName": "tests.test_login.TestSignup#test_valid_login", "labels": [{"name": "parentSuite", "value": "tests"}, {"name": "suite", "value": "test_login"}, {"name": "subSuite", "value": "TestSignup"}, {"name": "host", "value": "DESKTOP-3H9EBVT"}, {"name": "thread", "value": "18500-MainThread"}, {"name": "framework", "value": "pytest"}, {"name": "language", "value": "cpython3"}, {"name": "package", "value": "tests.test_login"}], "titlePath": ["tests", "test_login.py", "TestSignup"]}