{"name": "Login Test with valid test data", "status": "failed", "statusDetails": {"message": "AssertionError: Login failed as logout button is not present", "trace": "self = <test_login.TestLogin object at 0x00000287773AD610>\nvalid_data = {'email': 'Randomemail@gmail.com', 'first_name': 'Test', 'last_name': 'Engineer', 'password': 'random@123', ...}\n\n    @allure.title(\"Login Test with valid test data\")\n    @pytest.mark.parametrize(\"valid_data\",VALID_DATA)\n    def test_valid_login(self, valid_data):\n        with allure.step(\"Click login link\"):\n            self.login_page.click_login_link()\n    \n        with allure.step(\"Assertion of login link\"):\n            assert_true(\"login\" in self.driver.current_url, \"User is not on the login page\",\"Login_link\", self.login_page)\n    \n        with allure.step(\"Fillout login form with valid data and click login link\"):\n            self.login_page.enter_username(valid_data['username'])\n            self.login_page.enter_password(valid_data['password'])\n            self.login_page.click_login()\n    \n        with allure.step(\"Assert login\"):\n            time.sleep(3)\n>           assert_true(self.login_page.is_element_visible(self.login_page.LOG_OUT), \"Login failed as logout button is not present\",\"Login\",self.login_page)\n\ntests\\test_login.py:59: \n_ _ _ _ _ _ _ _ _ _ _ _ _ _ _ _ _ _ _ _ _ _ _ _ _ _ _ _ _ _ _ _ _ _ _ _ _ _ _ _ _ _ _ _ _ _ _ _ _ _ _ _ _ _ _ _ _ _ _ _ _ _ _ _ _ _ _ _ _ _\nutils\\assertions.py:6: in assert_true\n    raise e\n_ _ _ _ _ _ _ _ _ _ _ _ _ _ _ _ _ _ _ _ _ _ _ _ _ _ _ _ _ _ _ _ _ _ _ _ _ _ _ _ _ _ _ _ _ _ _ _ _ _ _ _ _ _ _ _ _ _ _ _ _ _ _ _ _ _ _ _ _ _\n\ncondition = False, message = 'Login failed as logout button is not present', test = 'Login'\npage = <pages.login_page.LoginPage object at 0x0000028777469730>\n\n    def assert_true(condition, message, test, page):\n        try:\n>           assert condition, message\n                ^^^^^^^^^\nE           AssertionError: Login failed as logout button is not present\n\nutils\\assertions.py:3: AssertionError"}, "steps": [{"name": "Click login link", "status": "passed", "start": 1768451444053, "stop": 1768451445811}, {"name": "Assertion of login link", "status": "passed", "start": 1768451445811, "stop": 1768451445824}, {"name": "Fillout login form with valid data and click login link", "status": "passed", "start": 1768451445824, "stop": 1768451447302}, {"name": "Assert login", "status": "failed", "statusDetails": {"message": "AssertionError: Login failed as logout button is not present\n", "trace": "  File \"H:\\Automation\\SauceLab\\tests\\test_login.py\", line 59, in test_valid_login\n    assert_true(self.login_page.is_element_visible(self.login_page.LOG_OUT), \"Login failed as logout button is not present\",\"Login\",self.login_page)\n  File \"H:\\Automation\\SauceLab\\utils\\assertions.py\", line 6, in assert_true\n    raise e\n  File \"H:\\Automation\\SauceLab\\utils\\assertions.py\", line 3, in assert_true\n    assert condition, message\n        ^^^^^^^^^\n"}, "attachments": [{"name": "Login_Assertion_Error", "source": "39948ff6-af15-4883-800b-7e7e36021d41-attachment.png", "type": "image/png"}], "start": 1768451447303, "stop": 1768451460538}], "parameters": [{"name": "valid_data", "value": "{'username': 'Randomemail@gmail.com', 'password': 'random@123', 'search_keyword': 't-shirt', 'first_name': 'Test', 'last_name': 'Engineer', 'email': 'Randomemail@gmail.com', 'signup_password': 'random@123'}"}], "start": 1768451444053, "stop": 1768451460539, "uuid": "a66aeffd-8d63-4d09-ae04-46dc43301839", "historyId": "c64cf179f46c7a0345629406a82bd323", "testCaseId": "e7f254b9bfd5f2bc8d4a1ffa6dc7aebb", "fullName": "tests.test_login.TestLogin#test_valid_login", "labels": [{"name": "parentSuite", "value": "tests"}, {"name": "suite", "value": "test_login"}, {"name": "subSuite", "value": "TestLogin"}, {"name": "host", "value": "DESKTOP-3H9EBVT"}, {"name": "thread", "value": "924-MainThread"}, {"name": "framework", "value": "pytest"}, {"name": "language", "value": "cpython3"}, {"name": "package", "value": "tests.test_login"}], "titlePath": ["tests", "test_login.py", "TestLogin"]}